mode: set
vidlearn-final-projcect/business/category/category.go:12.13,17.2 1 1
vidlearn-final-projcect/business/category/category.go:22.13,28.2 1 1
vidlearn-final-projcect/business/category/service.go:30.51,35.2 1 1
vidlearn-final-projcect/business/category/service.go:37.86,39.2 1 1
vidlearn-final-projcect/business/category/service.go:41.89,43.2 1 1
vidlearn-final-projcect/business/category/service.go:45.112,46.68 1 1
vidlearn-final-projcect/business/category/service.go:50.2,51.52 2 1
vidlearn-final-projcect/business/category/service.go:46.68,48.3 1 0
vidlearn-final-projcect/business/category/service.go:54.127,55.68 1 1
vidlearn-final-projcect/business/category/service.go:59.2,60.16 2 1
vidlearn-final-projcect/business/category/service.go:64.2,65.63 2 1
vidlearn-final-projcect/business/category/service.go:55.68,57.3 1 0
vidlearn-final-projcect/business/category/service.go:60.16,62.3 1 1
vidlearn-final-projcect/business/category/service.go:68.88,70.2 1 1
vidlearn-final-projcect/business/playlist/service.go:30.51,35.2 1 1
vidlearn-final-projcect/business/playlist/service.go:37.85,39.2 1 1
vidlearn-final-projcect/business/playlist/service.go:41.89,43.2 1 1
vidlearn-final-projcect/business/playlist/service.go:45.130,46.68 1 1
vidlearn-final-projcect/business/playlist/service.go:50.2,59.52 2 1
vidlearn-final-projcect/business/playlist/service.go:46.68,48.3 1 0
vidlearn-final-projcect/business/playlist/service.go:62.145,63.68 1 1
vidlearn-final-projcect/business/playlist/service.go:67.2,68.16 2 1
vidlearn-final-projcect/business/playlist/service.go:72.2,81.63 2 1
vidlearn-final-projcect/business/playlist/service.go:63.68,65.3 1 0
vidlearn-final-projcect/business/playlist/service.go:68.16,70.3 1 1
vidlearn-final-projcect/business/playlist/service.go:84.88,86.2 1 1
vidlearn-final-projcect/business/playlist/playlist.go:30.13,40.2 1 1
vidlearn-final-projcect/business/playlist/playlist.go:49.13,62.2 1 1
vidlearn-final-projcect/business/playlist_tool/playlist_tool.go:17.64,22.2 1 1
vidlearn-final-projcect/business/playlist_tool/service.go:28.51,33.2 1 1
vidlearn-final-projcect/business/playlist_tool/service.go:35.115,37.2 1 1
vidlearn-final-projcect/business/playlist_tool/service.go:39.111,41.2 1 1
vidlearn-final-projcect/business/playlist_tool/service.go:43.148,44.72 1 1
vidlearn-final-projcect/business/playlist_tool/service.go:48.2,53.61 2 1
vidlearn-final-projcect/business/playlist_tool/service.go:44.72,46.3 1 0
vidlearn-final-projcect/business/playlist_tool/service.go:56.122,58.2 1 1
vidlearn-final-projcect/business/tool/service.go:30.51,35.2 1 1
vidlearn-final-projcect/business/tool/service.go:37.69,39.2 1 1
vidlearn-final-projcect/business/tool/service.go:41.73,43.2 1 1
vidlearn-final-projcect/business/tool/service.go:45.92,46.64 1 1
vidlearn-final-projcect/business/tool/service.go:50.2,51.44 2 1
vidlearn-final-projcect/business/tool/service.go:46.64,48.3 1 0
vidlearn-final-projcect/business/tool/service.go:54.107,55.64 1 1
vidlearn-final-projcect/business/tool/service.go:59.2,60.16 2 1
vidlearn-final-projcect/business/tool/service.go:64.2,65.55 2 1
vidlearn-final-projcect/business/tool/service.go:55.64,57.3 1 0
vidlearn-final-projcect/business/tool/service.go:60.16,62.3 1 1
vidlearn-final-projcect/business/tool/service.go:68.72,70.2 1 1
vidlearn-final-projcect/business/tool/tool.go:14.9,20.2 1 1
vidlearn-final-projcect/business/tool/tool.go:26.9,33.2 1 1
vidlearn-final-projcect/business/video/service.go:30.51,35.2 1 1
vidlearn-final-projcect/business/video/service.go:37.94,39.2 1 1
vidlearn-final-projcect/business/video/service.go:41.77,43.2 1 1
vidlearn-final-projcect/business/video/service.go:45.97,46.65 1 1
vidlearn-final-projcect/business/video/service.go:50.2,57.46 2 1
vidlearn-final-projcect/business/video/service.go:46.65,48.3 1 0
vidlearn-final-projcect/business/video/service.go:60.112,61.65 1 1
vidlearn-final-projcect/business/video/service.go:65.2,66.16 2 1
vidlearn-final-projcect/business/video/service.go:70.2,77.57 2 1
vidlearn-final-projcect/business/video/service.go:61.65,63.3 1 0
vidlearn-final-projcect/business/video/service.go:66.16,68.3 1 1
vidlearn-final-projcect/business/video/service.go:80.76,82.2 1 1
vidlearn-final-projcect/business/video/video.go:25.10,33.2 1 1
vidlearn-final-projcect/business/video/video.go:40.10,50.2 1 1
